2021/11/14-19:28:02 Starman::Server (type Net::Server::PreFork) starting! pid(8612)
Resolved [*]:5000 to [::]:5000, IPv6
Not including resolved host [0.0.0.0] IPv4 because it will be handled by [::] IPv6
Binding to TCP port 5000 on host :: with IPv6
Setting gid to "1001 1001 27 110 1001"
Starman: Accepting connections at http://*:5000/
2021/11/14-19:28:04 Server closing!
2021/11/14-19:29:22 Starman::Server (type Net::Server::PreFork) starting! pid(8667)
Resolved [*]:5000 to [::]:5000, IPv6
Not including resolved host [0.0.0.0] IPv4 because it will be handled by [::] IPv6
Binding to TCP port 5000 on host :: with IPv6
Setting gid to "1001 1001 27 110 1001"
Starman: Accepting connections at http://*:5000/
[ToDo:8668] debug @2021-11-14 19:29:29> GET /todo called in /home/sushrut/todo-app/modanisa/ToDo/bin/../lib/ToDo.pm l. 20
[8668]  info @0.000026> getting todo list in /home/sushrut/todo-app/modanisa/ToDo/bin/../lib/API/Process.pm l. 59
[8668] debug @0.006518> using db file in /home/sushrut/todo-app/modanisa/ToDo/bin/../db/development.db in /home/sushrut/todo-app/modanisa/ToDo/bin/../lib/Utils.pm l. 58
[8668]  info @0.011330> $VAR1 = [
          '/home/sushrut/todo-app/modanisa/ToDo/bin/../db/development.db'
        ]; in /home/sushrut/todo-app/modanisa/ToDo/bin/../lib/Utils.pm l. 68
[8668]  info @0.023921> Fetched data for rows => 2 in /home/sushrut/todo-app/modanisa/ToDo/bin/../lib/API/Process.pm l. 65
[ToDo:8669] debug @2021-11-14 19:29:32> DELETE /todo called ref id ref-rxemute in /home/sushrut/todo-app/modanisa/ToDo/bin/../lib/ToDo.pm l. 44
[8669]  info @0.000020> deleting todo item for reference_id 'ref-rxemute'  in /home/sushrut/todo-app/modanisa/ToDo/bin/../lib/API/Process.pm l. 190
[8669] debug @0.000931> using db file in /home/sushrut/todo-app/modanisa/ToDo/bin/../db/development.db in /home/sushrut/todo-app/modanisa/ToDo/bin/../lib/Utils.pm l. 58
[8669]  info @0.001207> $VAR1 = [
          '/home/sushrut/todo-app/modanisa/ToDo/bin/../db/development.db'
        ]; in /home/sushrut/todo-app/modanisa/ToDo/bin/../lib/Utils.pm l. 68
[8669]  info @0.037467> data deleted successful reference_id => ref-rxemute in /home/sushrut/todo-app/modanisa/ToDo/bin/../lib/API/Process.pm l. 198
[ToDo:8668] debug @2021-11-14 19:29:34> POST /todo called in /home/sushrut/todo-app/modanisa/ToDo/bin/../lib/ToDo.pm l. 27
[8668]  info @5.029803> creating the todo note text: 'asdas' and reference_id generated: 'ref-ztqgfrd' in /home/sushrut/todo-app/modanisa/ToDo/bin/../lib/API/Process.pm l. 102
[8668]  info @5.062798> data created successful table id => 130 in /home/sushrut/todo-app/modanisa/ToDo/bin/../lib/API/Process.pm l. 113
[ToDo:8668] debug @2021-11-14 19:29:35> POST /todo called in /home/sushrut/todo-app/modanisa/ToDo/bin/../lib/ToDo.pm l. 27
[8668]  info @5.909635> creating the todo note text: 'asdas' and reference_id generated: 'ref-mfcenqz' in /home/sushrut/todo-app/modanisa/ToDo/bin/../lib/API/Process.pm l. 102
[8668]  info @5.937730> data created successful table id => 131 in /home/sushrut/todo-app/modanisa/ToDo/bin/../lib/API/Process.pm l. 113
2021/11/14-19:29:37 Server closing!
